-------------------------------------------------------------------------------
Test set: com.javatechie.spring.bookMyShow.api.BookMyShowApplicationTests
-------------------------------------------------------------------------------
Tests run: 1, Failures: 0, Errors: 1, Skipped: 0, Time elapsed: 0.653 s <<< FAILURE! - in com.javatechie.spring.bookMyShow.api.BookMyShowApplicationTests
initializationError(com.javatechie.spring.bookMyShow.api.BookMyShowApplicationTests)  Time elapsed: 0.008 s  <<< ERROR!
java.lang.IllegalStateException: Unable to find a @SpringBootConfiguration, you need to use @ContextConfiguration or @SpringBootTest(classes=...) with your test

