<?xml version="1.0" encoding="UTF-8"?>
<testsuite xmlns:xsi="http://www.w3.org/2001/XMLSchema-instance" xsi:noNamespaceSchemaLocation="https://maven.apache.org/surefire/maven-surefire-plugin/xsd/surefire-test-report.xsd" name="com.javatechie.spring.bookMyShow.api.BookMyShowApplicationTests" time="0.653" tests="1" errors="1" skipped="0" failures="0">
  <properties>
[...]
</properties>
  <testcase name="initializationError" classname="com.javatechie.spring.bookMyShow.api.BookMyShowApplicationTests" time="0.008">
    <error message="Unable to find a @SpringBootConfiguration, you need to use @ContextConfiguration or @SpringBootTest(classes=...) with your test" type="java.lang.IllegalStateException">java.lang.IllegalStateException: Unable to find a @SpringBootConfiguration, you need to use @ContextConfiguration or @SpringBootTest(classes=...) with your test
</error>
    <system-out><![CDATA[15:35:03.541 [main] DEBUG org.springframework.test.context.junit4.SpringJUnit4ClassRunner - SpringJUnit4ClassRunner constructor called with [class com.javatechie.spring.bookMyShow.api.BookMyShowApplicationTests]
15:35:03.549 [main] DEBUG org.springframework.test.context.BootstrapUtils - Instantiating CacheAwareContextLoaderDelegate from class [org.springframework.test.context.cache.DefaultCacheAwareContextLoaderDelegate]
15:35:03.561 [main] DEBUG org.springframework.test.context.BootstrapUtils - Instantiating BootstrapContext using constructor [public org.springframework.test.context.support.DefaultBootstrapContext(java.lang.Class,org.springframework.test.context.CacheAwareContextLoaderDelegate)]
15:35:03.581 [main] DEBUG org.springframework.test.context.BootstrapUtils - Instantiating TestContextBootstrapper for test class [com.javatechie.spring.bookMyShow.api.BookMyShowApplicationTests] from class [org.springframework.boot.test.context.SpringBootTestContextBootstrapper]
15:35:03.609 [main] INFO org.springframework.boot.test.context.SpringBootTestContextBootstrapper - Neither @ContextConfiguration nor @ContextHierarchy found for test class [com.javatechie.spring.bookMyShow.api.BookMyShowApplicationTests], using SpringBootContextLoader
15:35:03.613 [main] DEBUG org.springframework.test.context.support.AbstractContextLoader - Did not detect default resource location for test class [com.javatechie.spring.bookMyShow.api.BookMyShowApplicationTests]: class path resource [com/javatechie/spring/bookMyShow/api/BookMyShowApplicationTests-context.xml] does not exist
15:35:03.617 [main] DEBUG org.springframework.test.context.support.AbstractContextLoader - Did not detect default resource location for test class [com.javatechie.spring.bookMyShow.api.BookMyShowApplicationTests]: class path resource [com/javatechie/spring/bookMyShow/api/BookMyShowApplicationTestsContext.groovy] does not exist
15:35:03.617 [main] INFO org.springframework.test.context.support.AbstractContextLoader - Could not detect default resource locations for test class [com.javatechie.spring.bookMyShow.api.BookMyShowApplicationTests]: no resource found for suffixes {-context.xml, Context.groovy}.
15:35:03.617 [main] INFO org.springframework.test.context.support.AnnotationConfigContextLoaderUtils - Could not detect default configuration classes for test class [com.javatechie.spring.bookMyShow.api.BookMyShowApplicationTests]: BookMyShowApplicationTests does not declare any static, non-private, non-final, nested classes annotated with @Configuration.
15:35:03.689 [main] DEBUG org.springframework.test.context.support.ActiveProfilesUtils - Could not find an 'annotation declaring class' for annotation type [org.springframework.test.context.ActiveProfiles] and class [com.javatechie.spring.bookMyShow.api.BookMyShowApplicationTests]
15:35:03.701 [main] DEBUG org.springframework.core.env.StandardEnvironment - Adding PropertySource 'systemProperties' with lowest search precedence
15:35:03.705 [main] DEBUG org.springframework.core.env.StandardEnvironment - Adding PropertySource 'systemEnvironment' with lowest search precedence
15:35:03.705 [main] DEBUG org.springframework.core.env.StandardEnvironment - Initialized StandardEnvironment with PropertySources [MapPropertySource@112619572 {name='systemProperties', properties={java.runtime.name=Java(TM) SE Runtime Environment, sun.boot.library.path=C:\Program Files\Java\jdk1.8.0_211\jre\bin, java.vm.version=25.211-b12, java.vm.vendor=Oracle Corporation, java.vendor.url=http://java.oracle.com/, path.separator=;, java.vm.name=Java HotSpot(TM) 64-Bit Server VM, file.encoding.pkg=sun.io, user.country=US, user.script=, sun.java.launcher=SUN_STANDARD, sun.os.patch.level=, java.vm.specification.name=Java Virtual Machine Specification, user.dir=C:\personal\study\programs\spring boot\hystrix\spring-boot-hystrix-dashboard\bookMyShow, java.runtime.version=1.8.0_211-b12, basedir=C:\personal\study\programs\spring boot\hystrix\spring-boot-hystrix-dashboard\bookMyShow, java.awt.graphicsenv=sun.awt.Win32GraphicsEnvironment, java.endorsed.dirs=C:\Program Files\Java\jdk1.8.0_211\jre\lib\endorsed, os.arch=amd64, surefire.real.class.path=C:\Users\HPZBOO~1\AppData\Local\Temp\surefire5033073284131282996\surefirebooter3909679557712360377.jar, java.io.tmpdir=C:\Users\HPZBOO~1\AppData\Local\Temp\, line.separator=
, java.vm.specification.vendor=Oracle Corporation, user.variant=, os.name=Windows 10, sun.jnu.encoding=Cp1252, java.library.path=C:\Program Files\Java\jdk1.8.0_211\jre\bin;C:\WINDOWS\Sun\Java\bin;C:\WINDOWS\system32;C:\WINDOWS;C:/Program Files/Java/jre1.8.0_211/bin/server;C:/Program Files/Java/jre1.8.0_211/bin;C:/Program Files/Java/jre1.8.0_211/lib/amd64;C:\Program Files (x86)\Common Files\Oracle\Java\javapath;C:\Program Files (x86)\Intel\iCLS Client\;C:\Program Files\Intel\iCLS Client\;C:\WINDOWS\system32;C:\WINDOWS;C:\WINDOWS\System32\Wbem;C:\WINDOWS\System32\WindowsPowerShell\v1.0\;C:\Program Files (x86)\HP\HP Performance Advisor;C:\Program Files (x86)\Intel\Intel(R) Management Engine Components\DAL;C:\Program Files\Intel\Intel(R) Management Engine Components\DAL;C:\Program Files (x86)\Intel\Intel(R) Management Engine Components\IPT;C:\Program Files\Intel\Intel(R) Management Engine Components\IPT;C:\Program Files\Java\jdk1.8.0_211\bin;C:\Program Files\Git\cmd;C:\Program Files\Git\bin\git.exe;C:\Program Files\Intel\WiFi\bin\;C:\Program Files\Common Files\Intel\WirelessCommon\;C:\Program Files\nodejs\;C:\Program Files\PuTTY\;C:\WINDOWS\System32\OpenSSH\;C:\personal\software\mongodb-win32-x86_64-2008plus-ssl-4.0.9\bin\;C:\personal\software\apache-maven-3.5.4\bin;C:\Users\HP ZBOOK 15U G2\AppData\Local\Microsoft\WindowsApps;C:\Users\HP ZBOOK 15U G2\AppData\Roaming\npm;C:\Users\HP ZBOOK 15U G2\AppData\Local\GitHubDesktop\bin;%USERPROFILE%\AppData\Local\Microsoft\WindowsApps;;C:\personal\software\eclipse;;., surefire.test.class.path=C:\personal\study\programs\spring boot\hystrix\spring-boot-hystrix-dashboard\bookMyShow\target\test-classes;C:\personal\study\programs\spring boot\hystrix\spring-boot-hystrix-dashboard\bookMyShow\target\classes;C:\Users\HP ZBOOK 15U G2\.m2\repository\org\springframework\boot\spring-boot-starter-web\2.0.1.RELEASE\spring-boot-starter-web-2.0.1.RELEASE.jar;C:\Users\HP ZBOOK 15U G2\.m2\repository\org\springframework\boot\spring-boot-starter\2.0.1.RELEASE\spring-boot-starter-2.0.1.RELEASE.jar;C:\Users\HP ZBOOK 15U G2\.m2\repository\org\springframework\boot\spring-boot\2.0.1.RELEASE\spring-boot-2.0.1.RELEASE.jar;C:\Users\HP ZBOOK 15U G2\.m2\repository\org\springframework\boot\spring-boot-autoconfigure\2.0.1.RELEASE\spring-boot-autoconfigure-2.0.1.RELEASE.jar;C:\Users\HP ZBOOK 15U G2\.m2\repository\org\springframework\boot\spring-boot-starter-logging\2.0.1.RELEASE\spring-boot-starter-logging-2.0.1.RELEASE.jar;C:\Users\HP ZBOOK 15U G2\.m2\repository\ch\qos\logback\logback-classic\1.2.3\logback-classic-1.2.3.jar;C:\Users\HP ZBOOK 15U G2\.m2\repository\ch\qos\logback\logback-core\1.2.3\logback-core-1.2.3.jar;C:\Users\HP ZBOOK 15U G2\.m2\repository\org\apache\logging\log4j\log4j-to-slf4j\2.10.0\log4j-to-slf4j-2.10.0.jar;C:\Users\HP ZBOOK 15U G2\.m2\repository\org\apache\logging\log4j\log4j-api\2.10.0\log4j-api-2.10.0.jar;C:\Users\HP ZBOOK 15U G2\.m2\repository\org\slf4j\jul-to-slf4j\1.7.25\jul-to-slf4j-1.7.25.jar;C:\Users\HP ZBOOK 15U G2\.m2\repository\javax\annotation\javax.annotation-api\1.3.2\javax.annotation-api-1.3.2.jar;C:\Users\HP ZBOOK 15U G2\.m2\repository\org\yaml\snakeyaml\1.19\snakeyaml-1.19.jar;C:\Users\HP ZBOOK 15U G2\.m2\repository\org\springframework\boot\spring-boot-starter-json\2.0.1.RELEASE\spring-boot-starter-json-2.0.1.RELEASE.jar;C:\Users\HP ZBOOK 15U G2\.m2\repository\com\fasterxml\jackson\core\jackson-databind\2.9.3\jackson-databind-2.9.3.jar;C:\Users\HP ZBOOK 15U G2\.m2\repository\com\fasterxml\jackson\datatype\jackson-datatype-jdk8\2.9.3\jackson-datatype-jdk8-2.9.3.jar;C:\Users\HP ZBOOK 15U G2\.m2\repository\com\fasterxml\jackson\datatype\jackson-datatype-jsr310\2.9.3\jackson-datatype-jsr310-2.9.3.jar;C:\Users\HP ZBOOK 15U G2\.m2\repository\com\fasterxml\jackson\module\jackson-module-parameter-names\2.9.3\jackson-module-parameter-names-2.9.3.jar;C:\Users\HP ZBOOK 15U G2\.m2\repository\org\springframework\boot\spring-boot-starter-tomcat\2.0.1.RELEASE\spring-boot-starter-tomcat-2.0.1.RELEASE.jar;C:\Users\HP ZBOOK 15U G2\.m2\repository\org\apache\tomcat\embed\tomcat-embed-core\8.5.29\tomcat-embed-core-8.5.29.jar;C:\Users\HP ZBOOK 15U G2\.m2\repository\org\apache\tomcat\embed\tomcat-embed-el\8.5.29\tomcat-embed-el-8.5.29.jar;C:\Users\HP ZBOOK 15U G2\.m2\repository\org\apache\tomcat\embed\tomcat-embed-websocket\8.5.29\tomcat-embed-websocket-8.5.29.jar;C:\Users\HP ZBOOK 15U G2\.m2\repository\org\hibernate\validator\hibernate-validator\6.0.9.Final\hibernate-validator-6.0.9.Final.jar;C:\Users\HP ZBOOK 15U G2\.m2\repository\javax\validation\validation-api\2.0.1.Final\validation-api-2.0.1.Final.jar;C:\Users\HP ZBOOK 15U G2\.m2\repository\org\jboss\logging\jboss-logging\3.3.2.Final\jboss-logging-3.3.2.Final.jar;C:\Users\HP ZBOOK 15U G2\.m2\repository\com\fasterxml\classmate\1.3.4\classmate-1.3.4.jar;C:\Users\HP ZBOOK 15U G2\.m2\repository\org\springframework\spring-web\5.0.5.RELEASE\spring-web-5.0.5.RELEASE.jar;C:\Users\HP ZBOOK 15U G2\.m2\repository\org\springframework\spring-beans\5.0.5.RELEASE\spring-beans-5.0.5.RELEASE.jar;C:\Users\HP ZBOOK 15U G2\.m2\repository\org\springframework\spring-webmvc\5.0.5.RELEASE\spring-webmvc-5.0.5.RELEASE.jar;C:\Users\HP ZBOOK 15U G2\.m2\repository\org\springframework\spring-aop\5.0.5.RELEASE\spring-aop-5.0.5.RELEASE.jar;C:\Users\HP ZBOOK 15U G2\.m2\repository\org\springframework\spring-context\5.0.5.RELEASE\spring-context-5.0.5.RELEASE.jar;C:\Users\HP ZBOOK 15U G2\.m2\repository\org\springframework\spring-expression\5.0.5.RELEASE\spring-expression-5.0.5.RELEASE.jar;C:\Users\HP ZBOOK 15U G2\.m2\repository\org\springframework\cloud\spring-cloud-starter-netflix-hystrix\2.0.0.RC1\spring-cloud-starter-netflix-hystrix-2.0.0.RC1.jar;C:\Users\HP ZBOOK 15U G2\.m2\repository\org\springframework\cloud\spring-cloud-starter\2.0.0.RC1\spring-cloud-starter-2.0.0.RC1.jar;C:\Users\HP ZBOOK 15U G2\.m2\repository\org\springframework\cloud\spring-cloud-context\2.0.0.RC1\spring-cloud-context-2.0.0.RC1.jar;C:\Users\HP ZBOOK 15U G2\.m2\repository\org\springframework\security\spring-security-crypto\5.0.4.RELEASE\spring-security-crypto-5.0.4.RELEASE.jar;C:\Users\HP ZBOOK 15U G2\.m2\repository\org\springframework\cloud\spring-cloud-commons\2.0.0.RC1\spring-cloud-commons-2.0.0.RC1.jar;C:\Users\HP ZBOOK 15U G2\.m2\repository\org\springframework\security\spring-security-rsa\1.0.5.RELEASE\spring-security-rsa-1.0.5.RELEASE.jar;C:\Users\HP ZBOOK 15U G2\.m2\repository\org\bouncycastle\bcpkix-jdk15on\1.56\bcpkix-jdk15on-1.56.jar;C:\Users\HP ZBOOK 15U G2\.m2\repository\org\bouncycastle\bcprov-jdk15on\1.56\bcprov-jdk15on-1.56.jar;C:\Users\HP ZBOOK 15U G2\.m2\repository\org\springframework\cloud\spring-cloud-netflix-core\2.0.0.RC1\spring-cloud-netflix-core-2.0.0.RC1.jar;C:\Users\HP ZBOOK 15U G2\.m2\repository\org\springframework\boot\spring-boot-starter-aop\2.0.1.RELEASE\spring-boot-starter-aop-2.0.1.RELEASE.jar;C:\Users\HP ZBOOK 15U G2\.m2\repository\org\springframework\cloud\spring-cloud-netflix-ribbon\2.0.0.RC1\spring-cloud-netflix-ribbon-2.0.0.RC1.jar;C:\Users\HP ZBOOK 15U G2\.m2\repository\org\springframework\cloud\spring-cloud-netflix-archaius\2.0.0.RC1\spring-cloud-netflix-archaius-2.0.0.RC1.jar;C:\Users\HP ZBOOK 15U G2\.m2\repository\org\springframework\cloud\spring-cloud-starter-netflix-archaius\2.0.0.RC1\spring-cloud-starter-netflix-archaius-2.0.0.RC1.jar;C:\Users\HP ZBOOK 15U G2\.m2\repository\com\netflix\archaius\archaius-core\0.7.6\archaius-core-0.7.6.jar;C:\Users\HP ZBOOK 15U G2\.m2\repository\com\google\code\findbugs\jsr305\3.0.1\jsr305-3.0.1.jar;C:\Users\HP ZBOOK 15U G2\.m2\repository\commons-configuration\commons-configuration\1.8\commons-configuration-1.8.jar;C:\Users\HP ZBOOK 15U G2\.m2\repository\commons-lang\commons-lang\2.6\commons-lang-2.6.jar;C:\Users\HP ZBOOK 15U G2\.m2\repository\com\netflix\hystrix\hystrix-core\1.5.12\hystrix-core-1.5.12.jar;C:\Users\HP ZBOOK 15U G2\.m2\repository\org\slf4j\slf4j-api\1.7.25\slf4j-api-1.7.25.jar;C:\Users\HP ZBOOK 15U G2\.m2\repository\io\reactivex\rxjava\1.3.8\rxjava-1.3.8.jar;C:\Users\HP ZBOOK 15U G2\.m2\repository\org\hdrhistogram\HdrHistogram\2.1.9\HdrHistogram-2.1.9.jar;C:\Users\HP ZBOOK 15U G2\.m2\repository\com\netflix\hystrix\hystrix-serialization\1.5.12\hystrix-serialization-1.5.12.jar;C:\Users\HP ZBOOK 15U G2\.m2\repository\com\fasterxml\jackson\module\jackson-module-afterburner\2.9.3\jackson-module-afterburner-2.9.3.jar;C:\Users\HP ZBOOK 15U G2\.m2\repository\com\fasterxml\jackson\core\jackson-core\2.9.3\jackson-core-2.9.3.jar;C:\Users\HP ZBOOK 15U G2\.m2\repository\com\fasterxml\jackson\core\jackson-annotations\2.9.0\jackson-annotations-2.9.0.jar;C:\Users\HP ZBOOK 15U G2\.m2\repository\com\netflix\hystrix\hystrix-metrics-event-stream\1.5.12\hystrix-metrics-event-stream-1.5.12.jar;C:\Users\HP ZBOOK 15U G2\.m2\repository\com\netflix\hystrix\hystrix-javanica\1.5.12\hystrix-javanica-1.5.12.jar;C:\Users\HP ZBOOK 15U G2\.m2\repository\org\apache\commons\commons-lang3\3.7\commons-lang3-3.7.jar;C:\Users\HP ZBOOK 15U G2\.m2\repository\org\ow2\asm\asm\5.0.4\asm-5.0.4.jar;C:\Users\HP ZBOOK 15U G2\.m2\repository\org\aspectj\aspectjweaver\1.8.13\aspectjweaver-1.8.13.jar;C:\Users\HP ZBOOK 15U G2\.m2\repository\com\google\guava\guava\15.0\guava-15.0.jar;C:\Users\HP ZBOOK 15U G2\.m2\repository\io\reactivex\rxjava-reactive-streams\1.2.1\rxjava-reactive-streams-1.2.1.jar;C:\Users\HP ZBOOK 15U G2\.m2\repository\org\reactivestreams\reactive-streams\1.0.2\reactive-streams-1.0.2.jar;C:\Users\HP ZBOOK 15U G2\.m2\repository\org\springframework\cloud\spring-cloud-starter-netflix-hystrix-dashboard\2.0.0.RC1\spring-cloud-starter-netflix-hystrix-dashboard-2.0.0.RC1.jar;C:\Users\HP ZBOOK 15U G2\.m2\repository\org\springframework\cloud\spring-cloud-netflix-hystrix-dashboard\2.0.0.RC1\spring-cloud-netflix-hystrix-dashboard-2.0.0.RC1.jar;C:\Users\HP ZBOOK 15U G2\.m2\repository\org\springframework\boot\spring-boot-starter-freemarker\2.0.1.RELEASE\spring-boot-starter-freemarker-2.0.1.RELEASE.jar;C:\Users\HP ZBOOK 15U G2\.m2\repository\org\freemarker\freemarker\2.3.28\freemarker-2.3.28.jar;C:\Users\HP ZBOOK 15U G2\.m2\repository\org\springframework\spring-context-support\5.0.5.RELEASE\spring-context-support-5.0.5.RELEASE.jar;C:\Users\HP ZBOOK 15U G2\.m2\repository\org\apache\httpcomponents\httpclient\4.5.5\httpclient-4.5.5.jar;C:\Users\HP ZBOOK 15U G2\.m2\repository\org\apache\httpcomponents\httpcore\4.4.9\httpcore-4.4.9.jar;C:\Users\HP ZBOOK 15U G2\.m2\repository\commons-codec\commons-codec\1.11\commons-codec-1.11.jar;C:\Users\HP ZBOOK 15U G2\.m2\repository\org\webjars\jquery\2.1.1\jquery-2.1.1.jar;C:\Users\HP ZBOOK 15U G2\.m2\repository\org\webjars\d3js\3.4.11\d3js-3.4.11.jar;C:\Users\HP ZBOOK 15U G2\.m2\repository\org\springframework\boot\spring-boot-starter-actuator\2.0.1.RELEASE\spring-boot-starter-actuator-2.0.1.RELEASE.jar;C:\Users\HP ZBOOK 15U G2\.m2\repository\org\springframework\boot\spring-boot-actuator-autoconfigure\2.0.1.RELEASE\spring-boot-actuator-autoconfigure-2.0.1.RELEASE.jar;C:\Users\HP ZBOOK 15U G2\.m2\repository\org\springframework\boot\spring-boot-actuator\2.0.1.RELEASE\spring-boot-actuator-2.0.1.RELEASE.jar;C:\Users\HP ZBOOK 15U G2\.m2\repository\io\micrometer\micrometer-core\1.0.3\micrometer-core-1.0.3.jar;C:\Users\HP ZBOOK 15U G2\.m2\repository\org\latencyutils\LatencyUtils\2.0.3\LatencyUtils-2.0.3.jar;C:\Users\HP ZBOOK 15U G2\.m2\repository\org\springframework\boot\spring-boot-starter-test\2.0.1.RELEASE\spring-boot-starter-test-2.0.1.RELEASE.jar;C:\Users\HP ZBOOK 15U G2\.m2\repository\org\springframework\boot\spring-boot-test\2.0.1.RELEASE\spring-boot-test-2.0.1.RELEASE.jar;C:\Users\HP ZBOOK 15U G2\.m2\repository\org\springframework\boot\spring-boot-test-autoconfigure\2.0.1.RELEASE\spring-boot-test-autoconfigure-2.0.1.RELEASE.jar;C:\Users\HP ZBOOK 15U G2\.m2\repository\com\jayway\jsonpath\json-path\2.4.0\json-path-2.4.0.jar;C:\Users\HP ZBOOK 15U G2\.m2\repository\net\minidev\json-smart\2.3\json-smart-2.3.jar;C:\Users\HP ZBOOK 15U G2\.m2\repository\net\minidev\accessors-smart\1.2\accessors-smart-1.2.jar;C:\Users\HP ZBOOK 15U G2\.m2\repository\junit\junit\4.12\junit-4.12.jar;C:\Users\HP ZBOOK 15U G2\.m2\repository\org\assertj\assertj-core\3.9.1\assertj-core-3.9.1.jar;C:\Users\HP ZBOOK 15U G2\.m2\repository\org\mockito\mockito-core\2.15.0\mockito-core-2.15.0.jar;C:\Users\HP ZBOOK 15U G2\.m2\repository\net\bytebuddy\byte-buddy\1.7.11\byte-buddy-1.7.11.jar;C:\Users\HP ZBOOK 15U G2\.m2\repository\net\bytebuddy\byte-buddy-agent\1.7.11\byte-buddy-agent-1.7.11.jar;C:\Users\HP ZBOOK 15U G2\.m2\repository\org\objenesis\objenesis\2.6\objenesis-2.6.jar;C:\Users\HP ZBOOK 15U G2\.m2\repository\org\hamcrest\hamcrest-core\1.3\hamcrest-core-1.3.jar;C:\Users\HP ZBOOK 15U G2\.m2\repository\org\hamcrest\hamcrest-library\1.3\hamcrest-library-1.3.jar;C:\Users\HP ZBOOK 15U G2\.m2\repository\org\skyscreamer\jsonassert\1.5.0\jsonassert-1.5.0.jar;C:\Users\HP ZBOOK 15U G2\.m2\repository\com\vaadin\external\google\android-json\0.0.20131108.vaadin1\android-json-0.0.20131108.vaadin1.jar;C:\Users\HP ZBOOK 15U G2\.m2\repository\org\springframework\spring-core\5.0.5.RELEASE\spring-core-5.0.5.RELEASE.jar;C:\Users\HP ZBOOK 15U G2\.m2\repository\org\springframework\spring-jcl\5.0.5.RELEASE\spring-jcl-5.0.5.RELEASE.jar;C:\Users\HP ZBOOK 15U G2\.m2\repository\org\springframework\spring-test\5.0.5.RELEASE\spring-test-5.0.5.RELEASE.jar;C:\Users\HP ZBOOK 15U G2\.m2\repository\org\xmlunit\xmlunit-core\2.5.1\xmlunit-core-2.5.1.jar;, java.specification.name=Java Platform API Specification, java.class.version=52.0, sun.management.compiler=HotSpot 64-Bit Tiered Compilers, os.version=10.0, user.home=C:\Users\HP ZBOOK 15U G2, user.timezone=Asia/Calcutta, java.awt.printerjob=sun.awt.windows.WPrinterJob, file.encoding=Cp1252, java.specification.version=1.8, java.class.path=C:\personal\study\programs\spring boot\hystrix\spring-boot-hystrix-dashboard\bookMyShow\target\test-classes;C:\personal\study\programs\spring boot\hystrix\spring-boot-hystrix-dashboard\bookMyShow\target\classes;C:\Users\HP ZBOOK 15U G2\.m2\repository\org\springframework\boot\spring-boot-starter-web\2.0.1.RELEASE\spring-boot-starter-web-2.0.1.RELEASE.jar;C:\Users\HP ZBOOK 15U G2\.m2\repository\org\springframework\boot\spring-boot-starter\2.0.1.RELEASE\spring-boot-starter-2.0.1.RELEASE.jar;C:\Users\HP ZBOOK 15U G2\.m2\repository\org\springframework\boot\spring-boot\2.0.1.RELEASE\spring-boot-2.0.1.RELEASE.jar;C:\Users\HP ZBOOK 15U G2\.m2\repository\org\springframework\boot\spring-boot-autoconfigure\2.0.1.RELEASE\spring-boot-autoconfigure-2.0.1.RELEASE.jar;C:\Users\HP ZBOOK 15U G2\.m2\repository\org\springframework\boot\spring-boot-starter-logging\2.0.1.RELEASE\spring-boot-starter-logging-2.0.1.RELEASE.jar;C:\Users\HP ZBOOK 15U G2\.m2\repository\ch\qos\logback\logback-classic\1.2.3\logback-classic-1.2.3.jar;C:\Users\HP ZBOOK 15U G2\.m2\repository\ch\qos\logback\logback-core\1.2.3\logback-core-1.2.3.jar;C:\Users\HP ZBOOK 15U G2\.m2\repository\org\apache\logging\log4j\log4j-to-slf4j\2.10.0\log4j-to-slf4j-2.10.0.jar;C:\Users\HP ZBOOK 15U G2\.m2\repository\org\apache\logging\log4j\log4j-api\2.10.0\log4j-api-2.10.0.jar;C:\Users\HP ZBOOK 15U G2\.m2\repository\org\slf4j\jul-to-slf4j\1.7.25\jul-to-slf4j-1.7.25.jar;C:\Users\HP ZBOOK 15U G2\.m2\repository\javax\annotation\javax.annotation-api\1.3.2\javax.annotation-api-1.3.2.jar;C:\Users\HP ZBOOK 15U G2\.m2\repository\org\yaml\snakeyaml\1.19\snakeyaml-1.19.jar;C:\Users\HP ZBOOK 15U G2\.m2\repository\org\springframework\boot\spring-boot-starter-json\2.0.1.RELEASE\spring-boot-starter-json-2.0.1.RELEASE.jar;C:\Users\HP ZBOOK 15U G2\.m2\repository\com\fasterxml\jackson\core\jackson-databind\2.9.3\jackson-databind-2.9.3.jar;C:\Users\HP ZBOOK 15U G2\.m2\repository\com\fasterxml\jackson\datatype\jackson-datatype-jdk8\2.9.3\jackson-datatype-jdk8-2.9.3.jar;C:\Users\HP ZBOOK 15U G2\.m2\repository\com\fasterxml\jackson\datatype\jackson-datatype-jsr310\2.9.3\jackson-datatype-jsr310-2.9.3.jar;C:\Users\HP ZBOOK 15U G2\.m2\repository\com\fasterxml\jackson\module\jackson-module-parameter-names\2.9.3\jackson-module-parameter-names-2.9.3.jar;C:\Users\HP ZBOOK 15U G2\.m2\repository\org\springframework\boot\spring-boot-starter-tomcat\2.0.1.RELEASE\spring-boot-starter-tomcat-2.0.1.RELEASE.jar;C:\Users\HP ZBOOK 15U G2\.m2\repository\org\apache\tomcat\embed\tomcat-embed-core\8.5.29\tomcat-embed-core-8.5.29.jar;C:\Users\HP ZBOOK 15U G2\.m2\repository\org\apache\tomcat\embed\tomcat-embed-el\8.5.29\tomcat-embed-el-8.5.29.jar;C:\Users\HP ZBOOK 15U G2\.m2\repository\org\apache\tomcat\embed\tomcat-embed-websocket\8.5.29\tomcat-embed-websocket-8.5.29.jar;C:\Users\HP ZBOOK 15U G2\.m2\repository\org\hibernate\validator\hibernate-validator\6.0.9.Final\hibernate-validator-6.0.9.Final.jar;C:\Users\HP ZBOOK 15U G2\.m2\repository\javax\validation\validation-api\2.0.1.Final\validation-api-2.0.1.Final.jar;C:\Users\HP ZBOOK 15U G2\.m2\repository\org\jboss\logging\jboss-logging\3.3.2.Final\jboss-logging-3.3.2.Final.jar;C:\Users\HP ZBOOK 15U G2\.m2\repository\com\fasterxml\classmate\1.3.4\classmate-1.3.4.jar;C:\Users\HP ZBOOK 15U G2\.m2\repository\org\springframework\spring-web\5.0.5.RELEASE\spring-web-5.0.5.RELEASE.jar;C:\Users\HP ZBOOK 15U G2\.m2\repository\org\springframework\spring-beans\5.0.5.RELEASE\spring-beans-5.0.5.RELEASE.jar;C:\Users\HP ZBOOK 15U G2\.m2\repository\org\springframework\spring-webmvc\5.0.5.RELEASE\spring-webmvc-5.0.5.RELEASE.jar;C:\Users\HP ZBOOK 15U G2\.m2\repository\org\springframework\spring-aop\5.0.5.RELEASE\spring-aop-5.0.5.RELEASE.jar;C:\Users\HP ZBOOK 15U G2\.m2\repository\org\springframework\spring-context\5.0.5.RELEASE\spring-context-5.0.5.RELEASE.jar;C:\Users\HP ZBOOK 15U G2\.m2\repository\org\springframework\spring-expression\5.0.5.RELEASE\spring-expression-5.0.5.RELEASE.jar;C:\Users\HP ZBOOK 15U G2\.m2\repository\org\springframework\cloud\spring-cloud-starter-netflix-hystrix\2.0.0.RC1\spring-cloud-starter-netflix-hystrix-2.0.0.RC1.jar;C:\Users\HP ZBOOK 15U G2\.m2\repository\org\springframework\cloud\spring-cloud-starter\2.0.0.RC1\spring-cloud-starter-2.0.0.RC1.jar;C:\Users\HP ZBOOK 15U G2\.m2\repository\org\springframework\cloud\spring-cloud-context\2.0.0.RC1\spring-cloud-context-2.0.0.RC1.jar;C:\Users\HP ZBOOK 15U G2\.m2\repository\org\springframework\security\spring-security-crypto\5.0.4.RELEASE\spring-security-crypto-5.0.4.RELEASE.jar;C:\Users\HP ZBOOK 15U G2\.m2\repository\org\springframework\cloud\spring-cloud-commons\2.0.0.RC1\spring-cloud-commons-2.0.0.RC1.jar;C:\Users\HP ZBOOK 15U G2\.m2\repository\org\springframework\security\spring-security-rsa\1.0.5.RELEASE\spring-security-rsa-1.0.5.RELEASE.jar;C:\Users\HP ZBOOK 15U G2\.m2\repository\org\bouncycastle\bcpkix-jdk15on\1.56\bcpkix-jdk15on-1.56.jar;C:\Users\HP ZBOOK 15U G2\.m2\repository\org\bouncycastle\bcprov-jdk15on\1.56\bcprov-jdk15on-1.56.jar;C:\Users\HP ZBOOK 15U G2\.m2\repository\org\springframework\cloud\spring-cloud-netflix-core\2.0.0.RC1\spring-cloud-netflix-core-2.0.0.RC1.jar;C:\Users\HP ZBOOK 15U G2\.m2\repository\org\springframework\boot\spring-boot-starter-aop\2.0.1.RELEASE\spring-boot-starter-aop-2.0.1.RELEASE.jar;C:\Users\HP ZBOOK 15U G2\.m2\repository\org\springframework\cloud\spring-cloud-netflix-ribbon\2.0.0.RC1\spring-cloud-netflix-ribbon-2.0.0.RC1.jar;C:\Users\HP ZBOOK 15U G2\.m2\repository\org\springframework\cloud\spring-cloud-netflix-archaius\2.0.0.RC1\spring-cloud-netflix-archaius-2.0.0.RC1.jar;C:\Users\HP ZBOOK 15U G2\.m2\repository\org\springframework\cloud\spring-cloud-starter-netflix-archaius\2.0.0.RC1\spring-cloud-starter-netflix-archaius-2.0.0.RC1.jar;C:\Users\HP ZBOOK 15U G2\.m2\repository\com\netflix\archaius\archaius-core\0.7.6\archaius-core-0.7.6.jar;C:\Users\HP ZBOOK 15U G2\.m2\repository\com\google\code\findbugs\jsr305\3.0.1\jsr305-3.0.1.jar;C:\Users\HP ZBOOK 15U G2\.m2\repository\commons-configuration\commons-configuration\1.8\commons-configuration-1.8.jar;C:\Users\HP ZBOOK 15U G2\.m2\repository\commons-lang\commons-lang\2.6\commons-lang-2.6.jar;C:\Users\HP ZBOOK 15U G2\.m2\repository\com\netflix\hystrix\hystrix-core\1.5.12\hystrix-core-1.5.12.jar;C:\Users\HP ZBOOK 15U G2\.m2\repository\org\slf4j\slf4j-api\1.7.25\slf4j-api-1.7.25.jar;C:\Users\HP ZBOOK 15U G2\.m2\repository\io\reactivex\rxjava\1.3.8\rxjava-1.3.8.jar;C:\Users\HP ZBOOK 15U G2\.m2\repository\org\hdrhistogram\HdrHistogram\2.1.9\HdrHistogram-2.1.9.jar;C:\Users\HP ZBOOK 15U G2\.m2\repository\com\netflix\hystrix\hystrix-serialization\1.5.12\hystrix-serialization-1.5.12.jar;C:\Users\HP ZBOOK 15U G2\.m2\repository\com\fasterxml\jackson\module\jackson-module-afterburner\2.9.3\jackson-module-afterburner-2.9.3.jar;C:\Users\HP ZBOOK 15U G2\.m2\repository\com\fasterxml\jackson\core\jackson-core\2.9.3\jackson-core-2.9.3.jar;C:\Users\HP ZBOOK 15U G2\.m2\repository\com\fasterxml\jackson\core\jackson-annotations\2.9.0\jackson-annotations-2.9.0.jar;C:\Users\HP ZBOOK 15U G2\.m2\repository\com\netflix\hystrix\hystrix-metrics-event-stream\1.5.12\hystrix-metrics-event-stream-1.5.12.jar;C:\Users\HP ZBOOK 15U G2\.m2\repository\com\netflix\hystrix\hystrix-javanica\1.5.12\hystrix-javanica-1.5.12.jar;C:\Users\HP ZBOOK 15U G2\.m2\repository\org\apache\commons\commons-lang3\3.7\commons-lang3-3.7.jar;C:\Users\HP ZBOOK 15U G2\.m2\repository\org\ow2\asm\asm\5.0.4\asm-5.0.4.jar;C:\Users\HP ZBOOK 15U G2\.m2\repository\org\aspectj\aspectjweaver\1.8.13\aspectjweaver-1.8.13.jar;C:\Users\HP ZBOOK 15U G2\.m2\repository\com\google\guava\guava\15.0\guava-15.0.jar;C:\Users\HP ZBOOK 15U G2\.m2\repository\io\reactivex\rxjava-reactive-streams\1.2.1\rxjava-reactive-streams-1.2.1.jar;C:\Users\HP ZBOOK 15U G2\.m2\repository\org\reactivestreams\reactive-streams\1.0.2\reactive-streams-1.0.2.jar;C:\Users\HP ZBOOK 15U G2\.m2\repository\org\springframework\cloud\spring-cloud-starter-netflix-hystrix-dashboard\2.0.0.RC1\spring-cloud-starter-netflix-hystrix-dashboard-2.0.0.RC1.jar;C:\Users\HP ZBOOK 15U G2\.m2\repository\org\springframework\cloud\spring-cloud-netflix-hystrix-dashboard\2.0.0.RC1\spring-cloud-netflix-hystrix-dashboard-2.0.0.RC1.jar;C:\Users\HP ZBOOK 15U G2\.m2\repository\org\springframework\boot\spring-boot-starter-freemarker\2.0.1.RELEASE\spring-boot-starter-freemarker-2.0.1.RELEASE.jar;C:\Users\HP ZBOOK 15U G2\.m2\repository\org\freemarker\freemarker\2.3.28\freemarker-2.3.28.jar;C:\Users\HP ZBOOK 15U G2\.m2\repository\org\springframework\spring-context-support\5.0.5.RELEASE\spring-context-support-5.0.5.RELEASE.jar;C:\Users\HP ZBOOK 15U G2\.m2\repository\org\apache\httpcomponents\httpclient\4.5.5\httpclient-4.5.5.jar;C:\Users\HP ZBOOK 15U G2\.m2\repository\org\apache\httpcomponents\httpcore\4.4.9\httpcore-4.4.9.jar;C:\Users\HP ZBOOK 15U G2\.m2\repository\commons-codec\commons-codec\1.11\commons-codec-1.11.jar;C:\Users\HP ZBOOK 15U G2\.m2\repository\org\webjars\jquery\2.1.1\jquery-2.1.1.jar;C:\Users\HP ZBOOK 15U G2\.m2\repository\org\webjars\d3js\3.4.11\d3js-3.4.11.jar;C:\Users\HP ZBOOK 15U G2\.m2\repository\org\springframework\boot\spring-boot-starter-actuator\2.0.1.RELEASE\spring-boot-starter-actuator-2.0.1.RELEASE.jar;C:\Users\HP ZBOOK 15U G2\.m2\repository\org\springframework\boot\spring-boot-actuator-autoconfigure\2.0.1.RELEASE\spring-boot-actuator-autoconfigure-2.0.1.RELEASE.jar;C:\Users\HP ZBOOK 15U G2\.m2\repository\org\springframework\boot\spring-boot-actuator\2.0.1.RELEASE\spring-boot-actuator-2.0.1.RELEASE.jar;C:\Users\HP ZBOOK 15U G2\.m2\repository\io\micrometer\micrometer-core\1.0.3\micrometer-core-1.0.3.jar;C:\Users\HP ZBOOK 15U G2\.m2\repository\org\latencyutils\LatencyUtils\2.0.3\LatencyUtils-2.0.3.jar;C:\Users\HP ZBOOK 15U G2\.m2\repository\org\springframework\boot\spring-boot-starter-test\2.0.1.RELEASE\spring-boot-starter-test-2.0.1.RELEASE.jar;C:\Users\HP ZBOOK 15U G2\.m2\repository\org\springframework\boot\spring-boot-test\2.0.1.RELEASE\spring-boot-test-2.0.1.RELEASE.jar;C:\Users\HP ZBOOK 15U G2\.m2\repository\org\springframework\boot\spring-boot-test-autoconfigure\2.0.1.RELEASE\spring-boot-test-autoconfigure-2.0.1.RELEASE.jar;C:\Users\HP ZBOOK 15U G2\.m2\repository\com\jayway\jsonpath\json-path\2.4.0\json-path-2.4.0.jar;C:\Users\HP ZBOOK 15U G2\.m2\repository\net\minidev\json-smart\2.3\json-smart-2.3.jar;C:\Users\HP ZBOOK 15U G2\.m2\repository\net\minidev\accessors-smart\1.2\accessors-smart-1.2.jar;C:\Users\HP ZBOOK 15U G2\.m2\repository\junit\junit\4.12\junit-4.12.jar;C:\Users\HP ZBOOK 15U G2\.m2\repository\org\assertj\assertj-core\3.9.1\assertj-core-3.9.1.jar;C:\Users\HP ZBOOK 15U G2\.m2\repository\org\mockito\mockito-core\2.15.0\mockito-core-2.15.0.jar;C:\Users\HP ZBOOK 15U G2\.m2\repository\net\bytebuddy\byte-buddy\1.7.11\byte-buddy-1.7.11.jar;C:\Users\HP ZBOOK 15U G2\.m2\repository\net\bytebuddy\byte-buddy-agent\1.7.11\byte-buddy-agent-1.7.11.jar;C:\Users\HP ZBOOK 15U G2\.m2\repository\org\objenesis\objenesis\2.6\objenesis-2.6.jar;C:\Users\HP ZBOOK 15U G2\.m2\repository\org\hamcrest\hamcrest-core\1.3\hamcrest-core-1.3.jar;C:\Users\HP ZBOOK 15U G2\.m2\repository\org\hamcrest\hamcrest-library\1.3\hamcrest-library-1.3.jar;C:\Users\HP ZBOOK 15U G2\.m2\repository\org\skyscreamer\jsonassert\1.5.0\jsonassert-1.5.0.jar;C:\Users\HP ZBOOK 15U G2\.m2\repository\com\vaadin\external\google\android-json\0.0.20131108.vaadin1\android-json-0.0.20131108.vaadin1.jar;C:\Users\HP ZBOOK 15U G2\.m2\repository\org\springframework\spring-core\5.0.5.RELEASE\spring-core-5.0.5.RELEASE.jar;C:\Users\HP ZBOOK 15U G2\.m2\repository\org\springframework\spring-jcl\5.0.5.RELEASE\spring-jcl-5.0.5.RELEASE.jar;C:\Users\HP ZBOOK 15U G2\.m2\repository\org\springframework\spring-test\5.0.5.RELEASE\spring-test-5.0.5.RELEASE.jar;C:\Users\HP ZBOOK 15U G2\.m2\repository\org\xmlunit\xmlunit-core\2.5.1\xmlunit-core-2.5.1.jar;, user.name=HP ZBOOK 15U G2, java.vm.specification.version=1.8, sun.java.command=C:\Users\HPZBOO~1\AppData\Local\Temp\surefire5033073284131282996\surefirebooter3909679557712360377.jar C:\Users\HP ZBOOK 15U G2\AppData\Local\Temp\surefire5033073284131282996 2019-12-17T15-35-01_546-jvmRun1 surefire1847638010213262936tmp surefire_02383349539440505180tmp, java.home=C:\Program Files\Java\jdk1.8.0_211\jre, sun.arch.data.model=64, user.language=en, java.specification.vendor=Oracle Corporation, awt.toolkit=sun.awt.windows.WToolkit, java.vm.info=mixed mode, java.version=1.8.0_211, java.ext.dirs=C:\Program Files\Java\jdk1.8.0_211\jre\lib\ext;C:\WINDOWS\Sun\Java\lib\ext, sun.boot.class.path=C:\Program Files\Java\jdk1.8.0_211\jre\lib\resources.jar;C:\Program Files\Java\jdk1.8.0_211\jre\lib\rt.jar;C:\Program Files\Java\jdk1.8.0_211\jre\lib\sunrsasign.jar;C:\Program Files\Java\jdk1.8.0_211\jre\lib\jsse.jar;C:\Program Files\Java\jdk1.8.0_211\jre\lib\jce.jar;C:\Program Files\Java\jdk1.8.0_211\jre\lib\charsets.jar;C:\Program Files\Java\jdk1.8.0_211\jre\lib\jfr.jar;C:\Program Files\Java\jdk1.8.0_211\jre\classes, java.vendor=Oracle Corporation, localRepository=C:\Users\HP ZBOOK 15U G2\.m2\repository, file.separator=\, java.vendor.url.bug=http://bugreport.sun.com/bugreport/, sun.io.unicode.encoding=UnicodeLittle, sun.cpu.endian=little, sun.desktop=windows, sun.cpu.isalist=amd64}}, SystemEnvironmentPropertySource@371619938 {name='systemEnvironment', properties={PATH=C:/Program Files/Java/jre1.8.0_211/bin/server;C:/Program Files/Java/jre1.8.0_211/bin;C:/Program Files/Java/jre1.8.0_211/lib/amd64;C:\Program Files (x86)\Common Files\Oracle\Java\javapath;C:\Program Files (x86)\Intel\iCLS Client\;C:\Program Files\Intel\iCLS Client\;C:\WINDOWS\system32;C:\WINDOWS;C:\WINDOWS\System32\Wbem;C:\WINDOWS\System32\WindowsPowerShell\v1.0\;C:\Program Files (x86)\HP\HP Performance Advisor;C:\Program Files (x86)\Intel\Intel(R) Management Engine Components\DAL;C:\Program Files\Intel\Intel(R) Management Engine Components\DAL;C:\Program Files (x86)\Intel\Intel(R) Management Engine Components\IPT;C:\Program Files\Intel\Intel(R) Management Engine Components\IPT;C:\Program Files\Java\jdk1.8.0_211\bin;C:\Program Files\Git\cmd;C:\Program Files\Git\bin\git.exe;C:\Program Files\Intel\WiFi\bin\;C:\Program Files\Common Files\Intel\WirelessCommon\;C:\Program Files\nodejs\;C:\Program Files\PuTTY\;C:\WINDOWS\System32\OpenSSH\;C:\personal\software\mongodb-win32-x86_64-2008plus-ssl-4.0.9\bin\;C:\personal\software\apache-maven-3.5.4\bin;C:\Users\HP ZBOOK 15U G2\AppData\Local\Microsoft\WindowsApps;C:\Users\HP ZBOOK 15U G2\AppData\Roaming\npm;C:\Users\HP ZBOOK 15U G2\AppData\Local\GitHubDesktop\bin;%USERPROFILE%\AppData\Local\Microsoft\WindowsApps;;C:\personal\software\eclipse;, USERDOMAIN_ROAMINGPROFILE=DESKTOP-NOVG3BK, LOCALAPPDATA=C:\Users\HP ZBOOK 15U G2\AppData\Local, PROCESSOR_LEVEL=6, SYSTEMDRIVE=C:, COMMONPROGRAMFILES(X86)=C:\Program Files (x86)\Common Files, USERDOMAIN=DESKTOP-NOVG3BK, FPS_BROWSER_APP_PROFILE_STRING=Internet Explorer, LOGONSERVER=\\DESKTOP-NOVG3BK, JAVA_HOME=C:\Program Files\Java\jdk1.8.0_211, PROMPT=$P$G, SESSIONNAME=Console, ALLUSERSPROFILE=C:\ProgramData, PROGRAMFILES(X86)=C:\Program Files (x86), PROCESSOR_ARCHITECTURE=AMD64, DRIVERDATA=C:\Windows\System32\Drivers\DriverData, MAVEN_HOME=C:\personal\software\apache-maven-3.5.4, PROGRAMFILES=C:\Program Files, =C:=C:\personal\study\programs\spring boot\hystrix\spring-boot-hystrix-dashboard\bookMyShow, APPDATA=C:\Users\HP ZBOOK 15U G2\AppData\Roaming, PSMODULEPATH=C:\Program Files\WindowsPowerShell\Modules;C:\WINDOWS\system32\WindowsPowerShell\v1.0\Modules, PROGRAMW6432=C:\Program Files, PROGRAMDATA=C:\ProgramData, SYSTEMROOT=C:\WINDOWS, USERNAME=HP ZBOOK 15U G2, VBOX_MSI_INSTALL_PATH=C:\Program Files\Oracle\VirtualBox\, FPS_BROWSER_USER_PROFILE_STRING=Default, ONEDRIVE=C:\Users\HP ZBOOK 15U G2\OneDrive, PATHEXT=.COM;.EXE;.BAT;.CMD;.VBS;.VBE;.JS;.JSE;.WSF;.WSH;.MSC, OS=Windows_NT, COMMONPROGRAMW6432=C:\Program Files\Common Files, COMPUTERNAME=DESKTOP-NOVG3BK, COMMONPROGRAMFILES=C:\Program Files\Common Files, COMSPEC=C:\WINDOWS\system32\cmd.exe, PROCESSOR_REVISION=3d04, WINDIR=C:\WINDOWS, HOMEPATH=\Users\HP ZBOOK 15U G2, TEMP=C:\Users\HPZBOO~1\AppData\Local\Temp, HOMEDRIVE=C:, PROCESSOR_IDENTIFIER=Intel64 Family 6 Model 61 Stepping 4, GenuineIntel, USERPROFILE=C:\Users\HP ZBOOK 15U G2, TMP=C:\Users\HPZBOO~1\AppData\Local\Temp, PUBLIC=C:\Users\Public, NUMBER_OF_PROCESSORS=4, =::=::\}}]
15:35:03.733 [main] DEBUG org.springframework.core.io.support.PathMatchingResourcePatternResolver - Resolved classpath location [com/javatechie/spring/bookMyShow/api/] to resources [URL [file:/C:/personal/study/programs/spring%20boot/hystrix/spring-boot-hystrix-dashboard/bookMyShow/target/test-classes/com/javatechie/spring/bookMyShow/api/]]
15:35:03.733 [main] DEBUG org.springframework.core.io.support.PathMatchingResourcePatternResolver - Looking for matching resources in directory tree [C:\personal\study\programs\spring boot\hystrix\spring-boot-hystrix-dashboard\bookMyShow\target\test-classes\com\javatechie\spring\bookMyShow\api]
15:35:03.737 [main] DEBUG org.springframework.core.io.support.PathMatchingResourcePatternResolver - Searching directory [C:\personal\study\programs\spring boot\hystrix\spring-boot-hystrix-dashboard\bookMyShow\target\test-classes\com\javatechie\spring\bookMyShow\api] for files matching pattern [C:/personal/study/programs/spring boot/hystrix/spring-boot-hystrix-dashboard/bookMyShow/target/test-classes/com/javatechie/spring/bookMyShow/api/*.class]
15:35:03.741 [main] DEBUG org.springframework.core.io.support.PathMatchingResourcePatternResolver - Resolved location pattern [classpath*:com/javatechie/spring/bookMyShow/api/*.class] to resources [file [C:\personal\study\programs\spring boot\hystrix\spring-boot-hystrix-dashboard\bookMyShow\target\test-classes\com\javatechie\spring\bookMyShow\api\BookMyShowApplicationTests.class]]
15:35:03.777 [main] DEBUG org.springframework.core.io.support.PathMatchingResourcePatternResolver - Resolved classpath location [com/javatechie/spring/bookMyShow/] to resources [URL [file:/C:/personal/study/programs/spring%20boot/hystrix/spring-boot-hystrix-dashboard/bookMyShow/target/test-classes/com/javatechie/spring/bookMyShow/]]
15:35:03.777 [main] DEBUG org.springframework.core.io.support.PathMatchingResourcePatternResolver - Looking for matching resources in directory tree [C:\personal\study\programs\spring boot\hystrix\spring-boot-hystrix-dashboard\bookMyShow\target\test-classes\com\javatechie\spring\bookMyShow]
15:35:03.777 [main] DEBUG org.springframework.core.io.support.PathMatchingResourcePatternResolver - Searching directory [C:\personal\study\programs\spring boot\hystrix\spring-boot-hystrix-dashboard\bookMyShow\target\test-classes\com\javatechie\spring\bookMyShow] for files matching pattern [C:/personal/study/programs/spring boot/hystrix/spring-boot-hystrix-dashboard/bookMyShow/target/test-classes/com/javatechie/spring/bookMyShow/*.class]
15:35:03.777 [main] DEBUG org.springframework.core.io.support.PathMatchingResourcePatternResolver - Resolved location pattern [classpath*:com/javatechie/spring/bookMyShow/*.class] to resources []
15:35:03.777 [main] DEBUG org.springframework.core.io.support.PathMatchingResourcePatternResolver - Resolved classpath location [com/javatechie/spring/] to resources [URL [file:/C:/personal/study/programs/spring%20boot/hystrix/spring-boot-hystrix-dashboard/bookMyShow/target/test-classes/com/javatechie/spring/]]
15:35:03.777 [main] DEBUG org.springframework.core.io.support.PathMatchingResourcePatternResolver - Looking for matching resources in directory tree [C:\personal\study\programs\spring boot\hystrix\spring-boot-hystrix-dashboard\bookMyShow\target\test-classes\com\javatechie\spring]
15:35:03.781 [main] DEBUG org.springframework.core.io.support.PathMatchingResourcePatternResolver - Searching directory [C:\personal\study\programs\spring boot\hystrix\spring-boot-hystrix-dashboard\bookMyShow\target\test-classes\com\javatechie\spring] for files matching pattern [C:/personal/study/programs/spring boot/hystrix/spring-boot-hystrix-dashboard/bookMyShow/target/test-classes/com/javatechie/spring/*.class]
15:35:03.781 [main] DEBUG org.springframework.core.io.support.PathMatchingResourcePatternResolver - Resolved location pattern [classpath*:com/javatechie/spring/*.class] to resources []
15:35:03.781 [main] DEBUG org.springframework.core.io.support.PathMatchingResourcePatternResolver - Resolved classpath location [com/javatechie/] to resources [URL [file:/C:/personal/study/programs/spring%20boot/hystrix/spring-boot-hystrix-dashboard/bookMyShow/target/test-classes/com/javatechie/]]
15:35:03.781 [main] DEBUG org.springframework.core.io.support.PathMatchingResourcePatternResolver - Looking for matching resources in directory tree [C:\personal\study\programs\spring boot\hystrix\spring-boot-hystrix-dashboard\bookMyShow\target\test-classes\com\javatechie]
15:35:03.781 [main] DEBUG org.springframework.core.io.support.PathMatchingResourcePatternResolver - Searching directory [C:\personal\study\programs\spring boot\hystrix\spring-boot-hystrix-dashboard\bookMyShow\target\test-classes\com\javatechie] for files matching pattern [C:/personal/study/programs/spring boot/hystrix/spring-boot-hystrix-dashboard/bookMyShow/target/test-classes/com/javatechie/*.class]
15:35:03.781 [main] DEBUG org.springframework.core.io.support.PathMatchingResourcePatternResolver - Resolved location pattern [classpath*:com/javatechie/*.class] to resources []
15:35:03.785 [main] DEBUG org.springframework.core.io.support.PathMatchingResourcePatternResolver - Resolved classpath location [com/] to resources [URL [file:/C:/personal/study/programs/spring%20boot/hystrix/spring-boot-hystrix-dashboard/bookMyShow/target/test-classes/com/], URL [file:/C:/personal/study/programs/spring%20boot/hystrix/spring-boot-hystrix-dashboard/bookMyShow/target/classes/com/], URL [jar:file:/C:/Users/HP%20ZBOOK%2015U%20G2/.m2/repository/com/fasterxml/jackson/core/jackson-databind/2.9.3/jackson-databind-2.9.3.jar!/com/], URL [jar:file:/C:/Users/HP%20ZBOOK%2015U%20G2/.m2/repository/com/fasterxml/jackson/datatype/jackson-datatype-jdk8/2.9.3/jackson-datatype-jdk8-2.9.3.jar!/com/], URL [jar:file:/C:/Users/HP%20ZBOOK%2015U%20G2/.m2/repository/com/fasterxml/jackson/datatype/jackson-datatype-jsr310/2.9.3/jackson-datatype-jsr310-2.9.3.jar!/com/], URL [jar:file:/C:/Users/HP%20ZBOOK%2015U%20G2/.m2/repository/com/fasterxml/jackson/module/jackson-module-parameter-names/2.9.3/jackson-module-parameter-names-2.9.3.jar!/com/], URL [jar:file:/C:/Users/HP%20ZBOOK%2015U%20G2/.m2/repository/com/fasterxml/classmate/1.3.4/classmate-1.3.4.jar!/com/], URL [jar:file:/C:/Users/HP%20ZBOOK%2015U%20G2/.m2/repository/com/netflix/archaius/archaius-core/0.7.6/archaius-core-0.7.6.jar!/com/], URL [jar:file:/C:/Users/HP%20ZBOOK%2015U%20G2/.m2/repository/com/netflix/hystrix/hystrix-core/1.5.12/hystrix-core-1.5.12.jar!/com/], URL [jar:file:/C:/Users/HP%20ZBOOK%2015U%20G2/.m2/repository/com/netflix/hystrix/hystrix-serialization/1.5.12/hystrix-serialization-1.5.12.jar!/com/], URL [jar:file:/C:/Users/HP%20ZBOOK%2015U%20G2/.m2/repository/com/fasterxml/jackson/module/jackson-module-afterburner/2.9.3/jackson-module-afterburner-2.9.3.jar!/com/], URL [jar:file:/C:/Users/HP%20ZBOOK%2015U%20G2/.m2/repository/com/fasterxml/jackson/core/jackson-core/2.9.3/jackson-core-2.9.3.jar!/com/], URL [jar:file:/C:/Users/HP%20ZBOOK%2015U%20G2/.m2/repository/com/fasterxml/jackson/core/jackson-annotations/2.9.0/jackson-annotations-2.9.0.jar!/com/], URL [jar:file:/C:/Users/HP%20ZBOOK%2015U%20G2/.m2/repository/com/netflix/hystrix/hystrix-metrics-event-stream/1.5.12/hystrix-metrics-event-stream-1.5.12.jar!/com/], URL [jar:file:/C:/Users/HP%20ZBOOK%2015U%20G2/.m2/repository/com/netflix/hystrix/hystrix-javanica/1.5.12/hystrix-javanica-1.5.12.jar!/com/], URL [jar:file:/C:/Users/HP%20ZBOOK%2015U%20G2/.m2/repository/com/google/guava/guava/15.0/guava-15.0.jar!/com/], URL [jar:file:/C:/Users/HP%20ZBOOK%2015U%20G2/.m2/repository/com/jayway/jsonpath/json-path/2.4.0/json-path-2.4.0.jar!/com/]]
15:35:03.785 [main] DEBUG org.springframework.core.io.support.PathMatchingResourcePatternResolver - Looking for matching resources in directory tree [C:\personal\study\programs\spring boot\hystrix\spring-boot-hystrix-dashboard\bookMyShow\target\test-classes\com]
15:35:03.785 [main] DEBUG org.springframework.core.io.support.PathMatchingResourcePatternResolver - Searching directory [C:\personal\study\programs\spring boot\hystrix\spring-boot-hystrix-dashboard\bookMyShow\target\test-classes\com] for files matching pattern [C:/personal/study/programs/spring boot/hystrix/spring-boot-hystrix-dashboard/bookMyShow/target/test-classes/com/*.class]
15:35:03.789 [main] DEBUG org.springframework.core.io.support.PathMatchingResourcePatternResolver - Looking for matching resources in directory tree [C:\personal\study\programs\spring boot\hystrix\spring-boot-hystrix-dashboard\bookMyShow\target\classes\com]
15:35:03.789 [main] DEBUG org.springframework.core.io.support.PathMatchingResourcePatternResolver - Searching directory [C:\personal\study\programs\spring boot\hystrix\spring-boot-hystrix-dashboard\bookMyShow\target\classes\com] for files matching pattern [C:/personal/study/programs/spring boot/hystrix/spring-boot-hystrix-dashboard/bookMyShow/target/classes/com/*.class]
15:35:03.793 [main] DEBUG org.springframework.core.io.support.PathMatchingResourcePatternResolver - Looking for matching resources in jar file [file:/C:/Users/HP%20ZBOOK%2015U%20G2/.m2/repository/com/fasterxml/jackson/core/jackson-databind/2.9.3/jackson-databind-2.9.3.jar]
15:35:03.825 [main] DEBUG org.springframework.core.io.support.PathMatchingResourcePatternResolver - Looking for matching resources in jar file [file:/C:/Users/HP%20ZBOOK%2015U%20G2/.m2/repository/com/fasterxml/jackson/datatype/jackson-datatype-jdk8/2.9.3/jackson-datatype-jdk8-2.9.3.jar]
15:35:03.825 [main] DEBUG org.springframework.core.io.support.PathMatchingResourcePatternResolver - Looking for matching resources in jar file [file:/C:/Users/HP%20ZBOOK%2015U%20G2/.m2/repository/com/fasterxml/jackson/datatype/jackson-datatype-jsr310/2.9.3/jackson-datatype-jsr310-2.9.3.jar]
15:35:03.825 [main] DEBUG org.springframework.core.io.support.PathMatchingResourcePatternResolver - Looking for matching resources in jar file [file:/C:/Users/HP%20ZBOOK%2015U%20G2/.m2/repository/com/fasterxml/jackson/module/jackson-module-parameter-names/2.9.3/jackson-module-parameter-names-2.9.3.jar]
15:35:03.829 [main] DEBUG org.springframework.core.io.support.PathMatchingResourcePatternResolver - Looking for matching resources in jar file [file:/C:/Users/HP%20ZBOOK%2015U%20G2/.m2/repository/com/fasterxml/classmate/1.3.4/classmate-1.3.4.jar]
15:35:03.829 [main] DEBUG org.springframework.core.io.support.PathMatchingResourcePatternResolver - Looking for matching resources in jar file [file:/C:/Users/HP%20ZBOOK%2015U%20G2/.m2/repository/com/netflix/archaius/archaius-core/0.7.6/archaius-core-0.7.6.jar]
15:35:03.829 [main] DEBUG org.springframework.core.io.support.PathMatchingResourcePatternResolver - Looking for matching resources in jar file [file:/C:/Users/HP%20ZBOOK%2015U%20G2/.m2/repository/com/netflix/hystrix/hystrix-core/1.5.12/hystrix-core-1.5.12.jar]
15:35:03.833 [main] DEBUG org.springframework.core.io.support.PathMatchingResourcePatternResolver - Looking for matching resources in jar file [file:/C:/Users/HP%20ZBOOK%2015U%20G2/.m2/repository/com/netflix/hystrix/hystrix-serialization/1.5.12/hystrix-serialization-1.5.12.jar]
15:35:03.833 [main] DEBUG org.springframework.core.io.support.PathMatchingResourcePatternResolver - Looking for matching resources in jar file [file:/C:/Users/HP%20ZBOOK%2015U%20G2/.m2/repository/com/fasterxml/jackson/module/jackson-module-afterburner/2.9.3/jackson-module-afterburner-2.9.3.jar]
15:35:03.837 [main] DEBUG org.springframework.core.io.support.PathMatchingResourcePatternResolver - Looking for matching resources in jar file [file:/C:/Users/HP%20ZBOOK%2015U%20G2/.m2/repository/com/fasterxml/jackson/core/jackson-core/2.9.3/jackson-core-2.9.3.jar]
15:35:03.837 [main] DEBUG org.springframework.core.io.support.PathMatchingResourcePatternResolver - Looking for matching resources in jar file [file:/C:/Users/HP%20ZBOOK%2015U%20G2/.m2/repository/com/fasterxml/jackson/core/jackson-annotations/2.9.0/jackson-annotations-2.9.0.jar]
15:35:03.837 [main] DEBUG org.springframework.core.io.support.PathMatchingResourcePatternResolver - Looking for matching resources in jar file [file:/C:/Users/HP%20ZBOOK%2015U%20G2/.m2/repository/com/netflix/hystrix/hystrix-metrics-event-stream/1.5.12/hystrix-metrics-event-stream-1.5.12.jar]
15:35:03.837 [main] DEBUG org.springframework.core.io.support.PathMatchingResourcePatternResolver - Looking for matching resources in jar file [file:/C:/Users/HP%20ZBOOK%2015U%20G2/.m2/repository/com/netflix/hystrix/hystrix-javanica/1.5.12/hystrix-javanica-1.5.12.jar]
15:35:03.841 [main] DEBUG org.springframework.core.io.support.PathMatchingResourcePatternResolver - Looking for matching resources in jar file [file:/C:/Users/HP%20ZBOOK%2015U%20G2/.m2/repository/com/google/guava/guava/15.0/guava-15.0.jar]
15:35:03.849 [main] DEBUG org.springframework.core.io.support.PathMatchingResourcePatternResolver - Looking for matching resources in jar file [file:/C:/Users/HP%20ZBOOK%2015U%20G2/.m2/repository/com/jayway/jsonpath/json-path/2.4.0/json-path-2.4.0.jar]
15:35:03.853 [main] DEBUG org.springframework.core.io.support.PathMatchingResourcePatternResolver - Resolved location pattern [classpath*:com/*.class] to resources []
]]></system-out>
  </testcase>
</testsuite>